canu/2.2 has the useGrid option default set to useGrid=false. This can be overriden by another configuration file or a command-line option.
-- canu snapshot v2.2 +0 changes (r10279 af9c6e709ff2d6473cf966702c420b9eb42d9078)
--
-- CITATIONS
--
-- For 'standard' assemblies of PacBio or Nanopore reads:
--   Koren S, Walenz BP, Berlin K, Miller JR, Phillippy AM.
--   Canu: scalable and accurate long-read assembly via adaptive k-mer weighting and repeat separation.
--   Genome Res. 2017 May;27(5):722-736.
--   http://doi.org/10.1101/gr.215087.116
-- 
-- Read and contig alignments during correction and consensus use:
--   Šošic M, Šikic M.
--   Edlib: a C/C ++ library for fast, exact sequence alignment using edit distance.
--   Bioinformatics. 2017 May 1;33(9):1394-1395.
--   http://doi.org/10.1093/bioinformatics/btw753
-- 
-- Overlaps are generated using:
--   Berlin K, et al.
--   Assembling large genomes with single-molecule sequencing and locality-sensitive hashing.
--   Nat Biotechnol. 2015 Jun;33(6):623-30.
--   http://doi.org/10.1038/nbt.3238
-- 
--   Myers EW, et al.
--   A Whole-Genome Assembly of Drosophila.
--   Science. 2000 Mar 24;287(5461):2196-204.
--   http://doi.org/10.1126/science.287.5461.2196
-- 
-- Corrected read consensus sequences are generated using an algorithm derived from FALCON-sense:
--   Chin CS, et al.
--   Phased diploid genome assembly with single-molecule real-time sequencing.
--   Nat Methods. 2016 Dec;13(12):1050-1054.
--   http://doi.org/10.1038/nmeth.4035
-- 
-- Contig consensus sequences are generated using an algorithm derived from pbdagcon:
--   Chin CS, et al.
--   Nonhybrid, finished microbial genome assemblies from long-read SMRT sequencing data.
--   Nat Methods. 2013 Jun;10(6):563-9
--   http://doi.org/10.1038/nmeth.2474
-- 
-- CONFIGURE CANU
--
-- Detected Java(TM) Runtime Environment '1.8.0_151' (from '/sw/comp/java/x86_64/sun_jdk1.8.0_151/bin/java') with -d64 support.
-- Detected gnuplot version '4.6 patchlevel 2   ' (from 'gnuplot') and image format 'png'.
--
-- Detected 2 CPUs and 16000 gigabytes of memory on the local machine.
--
-- Detected Slurm with 'sinfo' binary in /usr/bin/sinfo.
-- Detected Slurm with task IDs up to 1000 allowed.
-- 
-- Slurm support detected.  Resources available:
--    174 hosts with  16 cores and  124 GB memory.
--      1 host  with  80 cores and 3997 GB memory.
--     13 hosts with  16 cores and  249 GB memory.
--     17 hosts with  16 cores and  499 GB memory.
--
--                         (tag)Threads
--                (tag)Memory         |
--        (tag)             |         |  algorithm
--        -------  ----------  --------  -----------------------------
-- Grid:  meryl     12.000 GB    4 CPUs  (k-mer counting)
-- Grid:  hap        8.000 GB    4 CPUs  (read-to-haplotype assignment)
-- Grid:  cormhap    6.000 GB   16 CPUs  (overlap detection with mhap)
-- Grid:  obtovl     4.000 GB    8 CPUs  (overlap detection)
-- Grid:  utgovl     4.000 GB    8 CPUs  (overlap detection)
-- Grid:  cor        -.--- GB    4 CPUs  (read correction)
-- Grid:  ovb        4.000 GB    1 CPU   (overlap store bucketizer)
-- Grid:  ovs        8.000 GB    1 CPU   (overlap store sorting)
-- Grid:  red       16.000 GB    4 CPUs  (read error detection)
-- Grid:  oea        8.000 GB    1 CPU   (overlap error adjustment)
-- Grid:  bat       16.000 GB    4 CPUs  (contig construction with bogart)
-- Grid:  cns        -.--- GB    4 CPUs  (consensus)
--
-- Found untrimmed raw PacBio CLR reads in the input files.
--
-- Generating assembly 'lferriphilum' in '/domus/h1/simonos/Genomeanalysis/code/home/simonos/Genomeanalysis/analysis/assembly':
--   genomeSize:
--     2400000
--
--   Overlap Generation Limits:
--     corOvlErrorRate 0.2400 ( 24.00%)
--     obtOvlErrorRate 0.0450 (  4.50%)
--     utgOvlErrorRate 0.0450 (  4.50%)
--
--   Overlap Processing Limits:
--     corErrorRate    0.2500 ( 25.00%)
--     obtErrorRate    0.0450 (  4.50%)
--     utgErrorRate    0.0450 (  4.50%)
--     cnsErrorRate    0.0750 (  7.50%)
--
--   Stages to run:
--     correct raw reads.
--     trim corrected reads.
--     assemble corrected and trimmed reads.
--
--
-- BEGIN CORRECTION
----------------------------------------
-- Starting command on Mon Apr 10 18:51:26 2023 with 10752.757 GB free disk space

    cd .
    ./lferriphilum.seqStore.sh \
    > ./lferriphilum.seqStore.err 2>&1

-- Finished on Mon Apr 10 18:51:46 2023 (20 seconds) with 10752.413 GB free disk space
----------------------------------------
--
-- In sequence store './lferriphilum.seqStore':
--   Found 32559 reads.
--   Found 480004199 bases (200 times coverage).
--    Histogram of raw reads:
--    
--    G=480004199                        sum of  ||               length     num
--    NG         length     index       lengths  ||                range    seqs
--    ----- ------------ --------- ------------  ||  ------------------- -------
--    00010        39207      1065     48012521  ||       1000-2433         3374|---------------------------------------------------------------
--    00020        34037      2382     96009514  ||       2434-3867         2226|------------------------------------------
--    00030        29480      3899    144009405  ||       3868-5301         1824|-----------------------------------
--    00040        25140      5665    192014405  ||       5302-6735         1653|-------------------------------
--    00050        21383      7736    240011912  ||       6736-8169         1698|--------------------------------
--    00060        18157     10175    288010933  ||       8170-9603         1762|---------------------------------
--    00070        15047     13077    336007363  ||       9604-11037        1876|------------------------------------
--    00080        12113     16628    384009191  ||      11038-12471        2012|--------------------------------------
--    00090         8608     21236    432011897  ||      12472-13905        1756|---------------------------------
--    00100         1000     32558    480004199  ||      13906-15339        1600|------------------------------
--    001.000x               32559    480004199  ||      15340-16773        1414|---------------------------
--                                               ||      16774-18207        1228|-----------------------
--                                               ||      18208-19641        1158|----------------------
--                                               ||      19642-21075        1041|--------------------
--                                               ||      21076-22509         873|-----------------
--                                               ||      22510-23943         792|---------------
--                                               ||      23944-25377         715|--------------
--                                               ||      25378-26811         656|-------------
--                                               ||      26812-28245         564|-----------
--                                               ||      28246-29679         525|----------
--                                               ||      29680-31113         512|----------
--                                               ||      31114-32547         451|---------
--                                               ||      32548-33981         451|---------
--                                               ||      33982-35415         407|--------
--                                               ||      35416-36849         394|--------
--                                               ||      36850-38283         351|-------
--                                               ||      38284-39717         264|-----
--                                               ||      39718-41151         192|----
--                                               ||      41152-42585         164|----
--                                               ||      42586-44019         119|---
--                                               ||      44020-45453         119|---
--                                               ||      45454-46887          90|--
--                                               ||      46888-48321          78|--
--                                               ||      48322-49755          56|--
--                                               ||      49756-51189          46|-
--                                               ||      51190-52623          31|-
--                                               ||      52624-54057          18|-
--                                               ||      54058-55491          18|-
--                                               ||      55492-56925          11|-
--                                               ||      56926-58359           9|-
--                                               ||      58360-59793           7|-
--                                               ||      59794-61227           5|-
--                                               ||      61228-62661           5|-
--                                               ||      62662-64095           2|-
--                                               ||      64096-65529           3|-
--                                               ||      65530-66963           3|-
--                                               ||      66964-68397           1|-
--                                               ||      68398-69831           3|-
--                                               ||      69832-71265           1|-
--                                               ||      71266-72699           1|-
--    
----------------------------------------
-- Starting command on Mon Apr 10 18:51:46 2023 with 10752.413 GB free disk space

    cd correction/0-mercounts
    ./meryl-configure.sh \
    > ./meryl-configure.err 2>&1

-- Finished on Mon Apr 10 18:51:46 2023 (fast as lightning) with 10752.413 GB free disk space
----------------------------------------
--  segments   memory batches
--  -------- -------- -------
--        01  1.24 GB       2
--        02  0.62 GB       2
--        04  0.31 GB       2
--
--  For 32559 reads with 480004199 bases, limit to 4 batches.
--  Will count kmers using 01 jobs, each using 3 GB and 4 threads.
--
-- Finished stage 'merylConfigure', reset canuIteration.
--
-- Running jobs.  First attempt out of 2.
--
-- Failed to submit compute jobs.  Delay 10 seconds and try again.

CRASH:
CRASH: canu snapshot v2.2 +0 changes (r10279 af9c6e709ff2d6473cf966702c420b9eb42d9078)
CRASH: Please panic, this is abnormal.
CRASH:
CRASH:   Failed to submit compute jobs.
CRASH:
CRASH: Failed at /sw/bioinfo/canu/2.2/rackham/bin/../lib/site_perl/canu/Execution.pm line 1259.
CRASH: 	canu::Execution::submitOrRunParallelJob('lferriphilum', 'meryl', 'correction/0-mercounts', 'meryl-count', 1) called at /sw/bioinfo/canu/2.2/rackham/bin/../lib/site_perl/canu/Meryl.pm line 847
CRASH: 	canu::Meryl::merylCountCheck('lferriphilum', 'cor') called at /sw/bioinfo/canu/2.2/snowy/bin/canu line 1076
CRASH: 
CRASH: Last 50 lines of the relevant log file (correction/0-mercounts/meryl-count.jobSubmit-01.out):
CRASH:
CRASH: sbatch: error: Errors in job submission: 
CRASH: sbatch: error: ERROR 1: Invalid project. 
CRASH: sbatch: error: Use the flag -A to specify an active project with allocation on this cluster.
CRASH: sbatch: error: Batch job submission failed: Unspecified error
CRASH:
