canu/2.2 has the useGrid option default set to useGrid=false. This can be overriden by another configuration file or a command-line option.
-- canu snapshot v2.2 +0 changes (r10279 af9c6e709ff2d6473cf966702c420b9eb42d9078)
--
-- CITATIONS
--
-- For 'standard' assemblies of PacBio or Nanopore reads:
--   Koren S, Walenz BP, Berlin K, Miller JR, Phillippy AM.
--   Canu: scalable and accurate long-read assembly via adaptive k-mer weighting and repeat separation.
--   Genome Res. 2017 May;27(5):722-736.
--   http://doi.org/10.1101/gr.215087.116
-- 
-- Read and contig alignments during correction and consensus use:
--   Šošic M, Šikic M.
--   Edlib: a C/C ++ library for fast, exact sequence alignment using edit distance.
--   Bioinformatics. 2017 May 1;33(9):1394-1395.
--   http://doi.org/10.1093/bioinformatics/btw753
-- 
-- Overlaps are generated using:
--   Berlin K, et al.
--   Assembling large genomes with single-molecule sequencing and locality-sensitive hashing.
--   Nat Biotechnol. 2015 Jun;33(6):623-30.
--   http://doi.org/10.1038/nbt.3238
-- 
--   Myers EW, et al.
--   A Whole-Genome Assembly of Drosophila.
--   Science. 2000 Mar 24;287(5461):2196-204.
--   http://doi.org/10.1126/science.287.5461.2196
-- 
-- Corrected read consensus sequences are generated using an algorithm derived from FALCON-sense:
--   Chin CS, et al.
--   Phased diploid genome assembly with single-molecule real-time sequencing.
--   Nat Methods. 2016 Dec;13(12):1050-1054.
--   http://doi.org/10.1038/nmeth.4035
-- 
-- Contig consensus sequences are generated using an algorithm derived from pbdagcon:
--   Chin CS, et al.
--   Nonhybrid, finished microbial genome assemblies from long-read SMRT sequencing data.
--   Nat Methods. 2013 Jun;10(6):563-9
--   http://doi.org/10.1038/nmeth.2474
-- 
-- CONFIGURE CANU
--
-- Detected Java(TM) Runtime Environment '1.8.0_151' (from '/sw/comp/java/x86_64/sun_jdk1.8.0_151/bin/java') with -d64 support.
-- Detected gnuplot version '4.6 patchlevel 2   ' (from 'gnuplot') and image format 'png'.
--
-- Detected 4 CPUs and 32000 gigabytes of memory on the local machine.
--
-- Detected Slurm with 'sinfo' binary in /usr/bin/sinfo.
--          Slurm disabled by useGrid=false
--
-- Local machine mode enabled; grid support not detected or not allowed.
--
-- Job limits:
--      4 CPUs              (maxThreads option).
--
--                                (tag)Concurrency
--                         (tag)Threads          |
--                (tag)Memory         |          |
--        (tag)             |         |          |       total usage      algorithm
--        -------  ----------  --------   --------  --------------------  -----------------------------
-- Local: meryl     12.000 GB    4 CPUs x   1 job     12.000 GB   4 CPUs  (k-mer counting)
-- Local: hap        8.000 GB    4 CPUs x   1 job      8.000 GB   4 CPUs  (read-to-haplotype assignment)
-- Local: cormhap    6.000 GB    4 CPUs x   1 job      6.000 GB   4 CPUs  (overlap detection with mhap)
-- Local: obtovl     4.000 GB    4 CPUs x   1 job      4.000 GB   4 CPUs  (overlap detection)
-- Local: utgovl     4.000 GB    4 CPUs x   1 job      4.000 GB   4 CPUs  (overlap detection)
-- Local: cor        -.--- GB    4 CPUs x   - jobs     -.--- GB   - CPUs  (read correction)
-- Local: ovb        4.000 GB    1 CPU  x   4 jobs    16.000 GB   4 CPUs  (overlap store bucketizer)
-- Local: ovs        8.000 GB    1 CPU  x   4 jobs    32.000 GB   4 CPUs  (overlap store sorting)
-- Local: red       16.000 GB    4 CPUs x   1 job     16.000 GB   4 CPUs  (read error detection)
-- Local: oea        8.000 GB    1 CPU  x   4 jobs    32.000 GB   4 CPUs  (overlap error adjustment)
-- Local: bat       16.000 GB    4 CPUs x   1 job     16.000 GB   4 CPUs  (contig construction with bogart)
-- Local: cns        -.--- GB    4 CPUs x   - jobs     -.--- GB   - CPUs  (consensus)
--
-- Found PacBio CLR reads in 'lferriphilum.seqStore':
--   Libraries:
--     PacBio CLR:            1
--   Reads:
--     Raw:                   480025224
--
--
-- Generating assembly 'lferriphilum' in '/domus/h1/simonos/Genomeanalysis/analysis/assembly':
--   genomeSize:
--     2400000
--
--   Overlap Generation Limits:
--     corOvlErrorRate 0.2400 ( 24.00%)
--     obtOvlErrorRate 0.0450 (  4.50%)
--     utgOvlErrorRate 0.0450 (  4.50%)
--
--   Overlap Processing Limits:
--     corErrorRate    0.2500 ( 25.00%)
--     obtErrorRate    0.0450 (  4.50%)
--     utgErrorRate    0.0450 (  4.50%)
--     cnsErrorRate    0.0750 (  7.50%)
--
--   Stages to run:
--     correct raw reads.
--     trim corrected reads.
--     assemble corrected and trimmed reads.
--
--
-- BEGIN CORRECTION
--
-- Running jobs.  First attempt out of 2.
----------------------------------------
-- Starting 'meryl' concurrent execution on Tue Apr 11 11:35:22 2023 with 10618.584 GB free disk space (1 processes; 1 concurrently)

    cd correction/0-mercounts
    ./meryl-count.sh 1 > ./meryl-count.000001.out 2>&1

-- Finished on Tue Apr 11 11:36:52 2023 (90 seconds) with 10605.374 GB free disk space
----------------------------------------
-- Found 1 Kmer counting (meryl) outputs.
-- Finished stage 'cor-merylCountCheck', reset canuIteration.
--
-- Running jobs.  First attempt out of 2.
----------------------------------------
-- Starting 'meryl' concurrent execution on Tue Apr 11 11:36:52 2023 with 10605.374 GB free disk space (1 processes; 1 concurrently)

    cd correction/0-mercounts
    ./meryl-process.sh 1 > ./meryl-process.000001.out 2>&1

-- Finished on Tue Apr 11 11:37:11 2023 (19 seconds) with 10604.805 GB free disk space
----------------------------------------
-- Meryl finished successfully.  Kmer frequency histogram:
--
--  16-mers                                                                                           Fraction
--    Occurrences   NumMers                                                                         Unique Total
--       1-     1         0                                                                        0.0000 0.0000
--       2-     2  41037190 ********************************************************************** 0.6616 0.3806
--       3-     4  14185433 ************************                                               0.8271 0.5235
--       5-     7   3358929 *****                                                                  0.9201 0.6390
--       8-    11    745949 *                                                                      0.9495 0.6952
--      12-    16    544833                                                                        0.9579 0.7198
--      17-    22   1047032 *                                                                      0.9677 0.7629
--      23-    29    830555 *                                                                      0.9848 0.8634
--      30-    37    223341                                                                        0.9964 0.9516
--      38-    46     33818                                                                        0.9992 0.9785
--      47-    56      8921                                                                        0.9997 0.9839
--      57-    67      3318                                                                        0.9998 0.9858
--      68-    79      1732                                                                        0.9998 0.9866
--      80-    92      1364                                                                        0.9999 0.9872
--      93-   106      1480                                                                        0.9999 0.9878
--     107-   121      1356                                                                        0.9999 0.9885
--     122-   137       879                                                                        0.9999 0.9892
--     138-   154       519                                                                        1.0000 0.9897
--     155-   172       341                                                                        1.0000 0.9900
--     173-   191       212                                                                        1.0000 0.9903
--     192-   211       190                                                                        1.0000 0.9904
--     212-   232       164                                                                        1.0000 0.9906
--     233-   254       205                                                                        1.0000 0.9908
--     255-   277       171                                                                        1.0000 0.9910
--     278-   301       142                                                                        1.0000 0.9912
--     302-   326       118                                                                        1.0000 0.9914
--     327-   352       113                                                                        1.0000 0.9916
--     353-   379        97                                                                        1.0000 0.9918
--     380-   407        71                                                                        1.0000 0.9919
--     408-   436        90                                                                        1.0000 0.9921
--     437-   466        89                                                                        1.0000 0.9922
--     467-   497        68                                                                        1.0000 0.9924
--     498-   529        38                                                                        1.0000 0.9926
--     530-   562        24                                                                        1.0000 0.9927
--     563-   596        12                                                                        1.0000 0.9927
--     597-   631         9                                                                        1.0000 0.9928
--     632-   667         7                                                                        1.0000 0.9928
--     668-   704         4                                                                        1.0000 0.9928
--     705-   742         6                                                                        1.0000 0.9928
--     743-   781        26                                                                        1.0000 0.9928
--     782-   821        37                                                                        1.0000 0.9929
--
--           0 (max occurrences)
--   215637671 (total mers, non-unique)
--    62029129 (distinct mers, non-unique)
--           0 (unique mers)
-- Finished stage 'meryl-process', reset canuIteration.
--
-- Removing meryl database 'correction/0-mercounts/lferriphilum.ms16'.
--
-- OVERLAPPER (mhap) (correction)
--
-- Set corMhapSensitivity=low based on read coverage of 200.01.
--
-- PARAMETERS: hashes=256, minMatches=3, threshold=0.8
--
-- Given 5.4 GB, can fit 16200 reads per block.
-- For 4 blocks, set stride to 2 blocks.
-- Logging partitioning to 'correction/1-overlapper/partitioning.log'.
-- Configured 3 mhap precompute jobs.
-- Configured 3 mhap overlap jobs.
-- Finished stage 'cor-mhapConfigure', reset canuIteration.
--
-- Running jobs.  First attempt out of 2.
----------------------------------------
-- Starting 'cormhap' concurrent execution on Tue Apr 11 11:37:11 2023 with 10604.804 GB free disk space (3 processes; 1 concurrently)

    cd correction/1-overlapper
    ./precompute.sh 1 > ./precompute.000001.out 2>&1
    ./precompute.sh 2 > ./precompute.000002.out 2>&1
    ./precompute.sh 3 > ./precompute.000003.out 2>&1

-- Finished on Tue Apr 11 12:17:01 2023 (2390 seconds) with 10536.824 GB free disk space
----------------------------------------
-- All 3 mhap precompute jobs finished successfully.
-- Finished stage 'cor-mhapPrecomputeCheck', reset canuIteration.
--
-- Running jobs.  First attempt out of 2.
----------------------------------------
-- Starting 'cormhap' concurrent execution on Tue Apr 11 12:17:01 2023 with 10536.824 GB free disk space (3 processes; 1 concurrently)

    cd correction/1-overlapper
    ./mhap.sh 1 > ./mhap.000001.out 2>&1
    ./mhap.sh 2 > ./mhap.000002.out 2>&1
    ./mhap.sh 3 > ./mhap.000003.out 2>&1

-- Finished on Tue Apr 11 12:17:54 2023 (53 seconds) with 10536.557 GB free disk space
----------------------------------------
-- Found 3 mhap overlap output files.
-- Finished stage 'cor-mhapCheck', reset canuIteration.
----------------------------------------
-- Starting command on Tue Apr 11 12:17:54 2023 with 10536.557 GB free disk space

    cd correction
    /sw/bioinfo/canu/2.2/rackham/bin/ovStoreConfig \
     -S ../lferriphilum.seqStore \
     -M 4-8 \
     -L ./1-overlapper/ovljob.files \
     -create ./lferriphilum.ovlStore.config \
     > ./lferriphilum.ovlStore.config.txt \
    2> ./lferriphilum.ovlStore.config.err

-- Finished on Tue Apr 11 12:17:54 2023 (in the blink of an eye) with 10536.557 GB free disk space
----------------------------------------
--
-- Creating overlap store correction/lferriphilum.ovlStore using:
--      2 buckets
--      2 slices
--        using at most 1 GB memory each
-- Finished stage 'cor-overlapStoreConfigure', reset canuIteration.
--
-- Running jobs.  First attempt out of 2.
----------------------------------------
-- Starting 'ovB' concurrent execution on Tue Apr 11 12:17:54 2023 with 10536.557 GB free disk space (2 processes; 4 concurrently)

    cd correction/lferriphilum.ovlStore.BUILDING
    ./scripts/1-bucketize.sh 1 > ./logs/1-bucketize.000001.out 2>&1
    ./scripts/1-bucketize.sh 2 > ./logs/1-bucketize.000002.out 2>&1

-- Finished on Tue Apr 11 12:17:55 2023 (one second) with 10536.521 GB free disk space
----------------------------------------
-- Overlap store bucketizer finished.
-- Finished stage 'cor-overlapStoreBucketizerCheck', reset canuIteration.
--
-- Running jobs.  First attempt out of 2.
----------------------------------------
-- Starting 'ovS' concurrent execution on Tue Apr 11 12:17:55 2023 with 10536.517 GB free disk space (2 processes; 4 concurrently)

    cd correction/lferriphilum.ovlStore.BUILDING
    ./scripts/2-sort.sh 1 > ./logs/2-sort.000001.out 2>&1
    ./scripts/2-sort.sh 2 > ./logs/2-sort.000002.out 2>&1

-- Finished on Tue Apr 11 12:17:56 2023 (one second) with 10536.462 GB free disk space
----------------------------------------
-- Overlap store sorter finished.
-- Finished stage 'cor-overlapStoreSorterCheck', reset canuIteration.
----------------------------------------
-- Starting command on Tue Apr 11 12:17:56 2023 with 10536.46 GB free disk space

    cd correction
    /sw/bioinfo/canu/2.2/rackham/bin/ovStoreIndexer \
      -O  ./lferriphilum.ovlStore.BUILDING \
      -S ../lferriphilum.seqStore \
      -C  ./lferriphilum.ovlStore.config \
      -delete \
    > ./lferriphilum.ovlStore.BUILDING.index.err 2>&1

-- Finished on Tue Apr 11 12:17:56 2023 (fast as lightning) with 10536.455 GB free disk space
----------------------------------------
-- Overlap store indexer finished.
-- Checking store.
----------------------------------------
-- Starting command on Tue Apr 11 12:17:56 2023 with 10536.455 GB free disk space

    cd correction
    /sw/bioinfo/canu/2.2/rackham/bin/ovStoreDump \
     -S ../lferriphilum.seqStore \
     -O  ./lferriphilum.ovlStore \
     -counts \
     > ./lferriphilum.ovlStore/counts.dat 2> ./lferriphilum.ovlStore/counts.err

-- Finished on Tue Apr 11 12:17:56 2023 (lickety-split) with 10536.455 GB free disk space
----------------------------------------
--
-- Overlap store 'correction/lferriphilum.ovlStore' successfully constructed.
-- Found 1286082 overlaps for 22131 reads; 18010 reads have no overlaps.
--
--
-- Purged 0.547 GB in 9 overlap output files.
-- Finished stage 'cor-createOverlapStore', reset canuIteration.
-- Set corMinCoverage=4 based on read coverage of 200.01.
-- Computing correction layouts.
--   Local  filter coverage   80
--   Global filter coverage   40
----------------------------------------
-- Starting command on Tue Apr 11 12:17:56 2023 with 10536.452 GB free disk space

    cd correction
    /sw/bioinfo/canu/2.2/rackham/bin/generateCorrectionLayouts \
      -S ../lferriphilum.seqStore \
      -O  ./lferriphilum.ovlStore \
      -C  ./lferriphilum.corStore.WORKING \
      -eC 80 \
      -xC 40 \
    > ./lferriphilum.corStore.err 2>&1

-- Finished on Tue Apr 11 12:17:57 2023 (one second) with 10536.399 GB free disk space
----------------------------------------
-- Finished stage 'cor-buildCorrectionLayoutsConfigure', reset canuIteration.
-- Computing correction layouts.
----------------------------------------
-- Starting command on Tue Apr 11 12:17:57 2023 with 10536.398 GB free disk space

    cd correction/2-correction
    /sw/bioinfo/canu/2.2/rackham/bin/filterCorrectionLayouts \
      -S  ../../lferriphilum.seqStore \
      -C     ../lferriphilum.corStore \
      -R      ./lferriphilum.readsToCorrect.WORKING \
      -cc 4 \
      -cl 1000 \
      -g  2400000 \
      -c  40 \
    > ./lferriphilum.readsToCorrect.err 2>&1

-- Finished on Tue Apr 11 12:17:57 2023 (fast as lightning) with 10536.375 GB free disk space
----------------------------------------
--                             original      original
--                            raw reads     raw reads
--   category                w/overlaps  w/o/overlaps
--   -------------------- ------------- -------------
--   Number of Reads              19960         20181
--   Number of Bases          346451192      30679493
--   Coverage                   144.355        12.783
--   Median                       14806             0
--   Mean                         17357          1520
--   N50                          22866         20475
--   Minimum                       1002             0
--   Maximum                      61485         57059
--   
--                                        --------corrected---------  ----------rescued----------
--                             evidence                     expected                     expected
--   category                     reads            raw     corrected            raw     corrected
--   -------------------- -------------  ------------- -------------  ------------- -------------
--   Number of Reads              19118           3692          3692            464           464
--   Number of Bases          346188080      111603973      96001849        3669852       1476560
--   Coverage                   144.245         46.502        40.001          1.529         0.615
--   Median                       15497          30234         24907           5011          2189
--   Mean                         18107          30228         26002           7909          3182
--   N50                          23234          32555         26722          13969          4354
--   Minimum                       1013          18225         18204           1014          1002
--   Maximum                      61485          59150         42181          40995         18139
--   
--                        --------uncorrected--------
--                                           expected
--   category                       raw     corrected
--   -------------------- ------------- -------------
--   Number of Reads              35985         35985
--   Number of Bases          261856860     115939054
--   Coverage                   109.107        48.308
--   Median                           0             0
--   Mean                          7276          3221
--   N50                          17706         11728
--   Minimum                          0             0
--   Maximum                      61485         42666
--   
--   Maximum Memory          1077021074
-- Finished stage 'cor-filterCorrectionLayouts', reset canuIteration.
--
-- Correction jobs estimated to need at most 1.003 GB for computation.
-- Correction jobs will request 6 GB each.
--
-- Local: cor        6.000 GB    4 CPUs x   1 job      6.000 GB   4 CPUs  (read correction)
--
--
-- Configuring correction jobs:
--   Reads estimated to need at most 1.003 GB for computation.
--   Jobs will request 6 GB each.
----------------------------------------
-- Starting command on Tue Apr 11 12:17:57 2023 with 10536.373 GB free disk space

    cd correction/2-correction
    ./correctReadsPartition.sh \
    > ./correctReadsPartition.err 2>&1

-- Finished on Tue Apr 11 12:17:58 2023 (one second) with 10536.366 GB free disk space
----------------------------------------
-- Finished stage 'cor-generateCorrectedReadsConfigure', reset canuIteration.
--
-- Running jobs.  First attempt out of 2.
----------------------------------------
-- Starting 'cor' concurrent execution on Tue Apr 11 12:17:58 2023 with 10536.366 GB free disk space (1 processes; 1 concurrently)

    cd correction/2-correction
    ./correctReads.sh 1 > ./correctReads.000001.out 2>&1

-- Finished on Tue Apr 11 12:52:06 2023 (2048 seconds) with 10495.329 GB free disk space
----------------------------------------
-- Found 1 read correction output files.
-- Finished stage 'cor-generateCorrectedReadsCheck', reset canuIteration.
-- Found 1 read correction output files.
-- Finished stage 'cor-generateCorrectedReadsCheck', reset canuIteration.
--
-- Loading corrected reads into corStore and seqStore.
----------------------------------------
-- Starting command on Tue Apr 11 12:52:06 2023 with 10495.329 GB free disk space

    cd correction
    /sw/bioinfo/canu/2.2/rackham/bin/loadCorrectedReads \
      -S ../lferriphilum.seqStore \
      -C ./lferriphilum.corStore \
      -L ./2-correction/corjob.files \
    >  ./lferriphilum.loadCorrectedReads.log \
    2> ./lferriphilum.loadCorrectedReads.err

-- Finished on Tue Apr 11 12:52:08 2023 (2 seconds) with 10495.282 GB free disk space
----------------------------------------
--
-- In sequence store './lferriphilum.seqStore':
--   Found 3628 reads.
--   Found 72217199 bases (30.09 times coverage).
--    Histogram of corrected reads:
--    
--    G=72217199                         sum of  ||               length     num
--    NG         length     index       lengths  ||                range    seqs
--    ----- ------------ --------- ------------  ||  ------------------- -------
--    00010        32431       207      7229821  ||       1012-1780           37|------------
--    00020        29230       442     14459290  ||       1781-2549           12|----
--    00030        26560       701     21687046  ||       2550-3318            6|--
--    00040        24096       987     28901035  ||       3319-4087            6|--
--    00050        21947      1301     36114900  ||       4088-4856           16|-----
--    00060        20372      1643     43347662  ||       4857-5625            8|---
--    00070        18788      2012     50557456  ||       5626-6394            8|---
--    00080        17004      2414     57781849  ||       6395-7163           15|-----
--    00090        13248      2888     64998083  ||       7164-7932           24|--------
--    00100         1012      3627     72217199  ||       7933-8701           35|-----------
--    001.000x                3628     72217199  ||       8702-9470           65|--------------------
--                                               ||       9471-10239         105|---------------------------------
--                                               ||      10240-11008         101|--------------------------------
--                                               ||      11009-11777          93|-----------------------------
--                                               ||      11778-12546         100|-------------------------------
--                                               ||      12547-13315         115|------------------------------------
--                                               ||      13316-14084          84|--------------------------
--                                               ||      14085-14853          96|------------------------------
--                                               ||      14854-15622          99|-------------------------------
--                                               ||      15623-16391          93|-----------------------------
--                                               ||      16392-17160         129|----------------------------------------
--                                               ||      17161-17929         143|--------------------------------------------
--                                               ||      17930-18698         205|---------------------------------------------------------------
--                                               ||      18699-19467         198|-------------------------------------------------------------
--                                               ||      19468-20236         165|---------------------------------------------------
--                                               ||      20237-21005         164|---------------------------------------------------
--                                               ||      21006-21774         169|----------------------------------------------------
--                                               ||      21775-22543         130|----------------------------------------
--                                               ||      22544-23312         111|-----------------------------------
--                                               ||      23313-24081         104|--------------------------------
--                                               ||      24082-24850         109|----------------------------------
--                                               ||      24851-25619          88|----------------------------
--                                               ||      25620-26388          79|-------------------------
--                                               ||      26389-27157          72|-----------------------
--                                               ||      27158-27926          73|-----------------------
--                                               ||      27927-28695          76|------------------------
--                                               ||      28696-29464          72|-----------------------
--                                               ||      29465-30233          59|-------------------
--                                               ||      30234-31002          60|-------------------
--                                               ||      31003-31771          56|------------------
--                                               ||      31772-32540          44|--------------
--                                               ||      32541-33309          43|--------------
--                                               ||      33310-34078          40|-------------
--                                               ||      34079-34847          37|------------
--                                               ||      34848-35616          23|--------
--                                               ||      35617-36385          24|--------
--                                               ||      36386-37154          14|-----
--                                               ||      37155-37923          13|----
--                                               ||      37924-38692           3|-
--                                               ||      38693-39461           7|---
--    
--
-- Purging correctReads output after loading into stores.
-- Purged 1 .cns outputs.
-- Purged 2 .out job log outputs.
--
-- No corrected reads generated, overlaps used for correction saved.
-- Finished stage 'cor-loadCorrectedReads', reset canuIteration.
----------------------------------------
-- Starting command on Tue Apr 11 12:52:08 2023 with 10495.281 GB free disk space

    cd .
    /sw/bioinfo/canu/2.2/rackham/bin/sqStoreDumpFASTQ \
      -corrected \
      -S ./lferriphilum.seqStore \
      -o ./lferriphilum.correctedReads.gz \
      -fasta \
      -nolibname \
    > lferriphilum.correctedReads.fasta.err 2>&1

-- Finished on Tue Apr 11 12:52:11 2023 (3 seconds) with 10495.258 GB free disk space
----------------------------------------
--
-- Corrected reads saved in 'lferriphilum.correctedReads.fasta.gz'.
-- Finished stage 'cor-dumpCorrectedReads', reset canuIteration.
--
-- BEGIN TRIMMING
----------------------------------------
-- Starting command on Tue Apr 11 12:52:11 2023 with 10495.258 GB free disk space

    cd trimming/0-mercounts
    ./meryl-configure.sh \
    > ./meryl-configure.err 2>&1

-- Finished on Tue Apr 11 12:52:11 2023 (fast as lightning) with 10495.258 GB free disk space
----------------------------------------
--  segments   memory batches
--  -------- -------- -------
--        01  0.29 GB       2
--
--  For 3628 reads with 72217199 bases, limit to 1 batch.
--  Will count kmers using 01 jobs, each using 2 GB and 4 threads.
--
-- Finished stage 'merylConfigure', reset canuIteration.
--
-- Running jobs.  First attempt out of 2.
----------------------------------------
-- Starting 'meryl' concurrent execution on Tue Apr 11 12:52:11 2023 with 10495.258 GB free disk space (1 processes; 1 concurrently)

    cd trimming/0-mercounts
    ./meryl-count.sh 1 > ./meryl-count.000001.out 2>&1

-- Finished on Tue Apr 11 12:52:24 2023 (13 seconds) with 10495.182 GB free disk space
----------------------------------------
-- Found 1 Kmer counting (meryl) outputs.
-- Finished stage 'obt-merylCountCheck', reset canuIteration.
--
-- Running jobs.  First attempt out of 2.
----------------------------------------
-- Starting 'meryl' concurrent execution on Tue Apr 11 12:52:24 2023 with 10495.182 GB free disk space (1 processes; 1 concurrently)

    cd trimming/0-mercounts
    ./meryl-process.sh 1 > ./meryl-process.000001.out 2>&1

-- Finished on Tue Apr 11 12:52:27 2023 (3 seconds) with 10495.142 GB free disk space
----------------------------------------
-- Meryl finished successfully.  Kmer frequency histogram:
--
--  22-mers                                                                                           Fraction
--    Occurrences   NumMers                                                                         Unique Total
--       1-     1         0                                                                        0.0000 0.0000
--       2-     2    405213 ******************************                                         0.1265 0.0119
--       3-     4    184975 *************                                                          0.1667 0.0176
--       5-     7     60441 ****                                                                   0.1938 0.0231
--       8-    11     58096 ****                                                                   0.2066 0.0272
--      12-    16    229541 *****************                                                      0.2295 0.0389
--      17-    22    571804 ******************************************                             0.3149 0.1003
--      23-    29    931394 ********************************************************************** 0.5102 0.2907
--      30-    37    606721 *********************************************                          0.7975 0.6540
--      38-    46    132997 *********                                                              0.9611 0.9129
--      47-    56     16616 *                                                                      0.9943 0.9781
--      57-    67      1859                                                                        0.9983 0.9873
--      68-    79      1312                                                                        0.9988 0.9889
--      80-    92       204                                                                        0.9992 0.9904
--      93-   106       187                                                                        0.9993 0.9905
--     107-   121        57                                                                        0.9993 0.9908
--     122-   137        16                                                                        0.9994 0.9909
--     138-   154        17                                                                        0.9994 0.9909
--     155-   172         9                                                                        0.9994 0.9910
--     173-   191         8                                                                        0.9994 0.9910
--     192-   211        27                                                                        0.9994 0.9910
--     212-   232       150                                                                        0.9994 0.9911
--     233-   254       609                                                                        0.9994 0.9916
--     255-   277      1176                                                                        0.9996 0.9940
--     278-   301        26                                                                        1.0000 0.9983
--     302-   326        15                                                                        1.0000 0.9984
--     327-   352         5                                                                        1.0000 0.9985
--     353-   379         0                                                                        0.0000 0.0000
--     380-   407         0                                                                        0.0000 0.0000
--     408-   436         0                                                                        0.0000 0.0000
--     437-   466         0                                                                        0.0000 0.0000
--     467-   497         0                                                                        0.0000 0.0000
--     498-   529         0                                                                        0.0000 0.0000
--     530-   562         0                                                                        0.0000 0.0000
--     563-   596        22                                                                        1.0000 0.9985
--
--           0 (max occurrences)
--    68168285 (total mers, non-unique)
--     3203499 (distinct mers, non-unique)
--           0 (unique mers)
-- Finished stage 'meryl-process', reset canuIteration.
--
-- Removing meryl database 'trimming/0-mercounts/lferriphilum.ms22'.
--
-- OVERLAPPER (normal) (trimming) erate=0.045
--
----------------------------------------
-- Starting command on Tue Apr 11 12:52:27 2023 with 10495.142 GB free disk space

    cd trimming/1-overlapper
    /sw/bioinfo/canu/2.2/rackham/bin/overlapInCorePartition \
     -S  ../../lferriphilum.seqStore \
     -hl 80000000 \
     -rl 1000000000 \
     -ol 500 \
     -o  ./lferriphilum.partition \
    > ./lferriphilum.partition.err 2>&1

-- Finished on Tue Apr 11 12:52:27 2023 (like a bat out of hell) with 10495.142 GB free disk space
----------------------------------------
--
-- Configured 1 overlapInCore jobs.
-- Finished stage 'obt-overlapConfigure', reset canuIteration.
--
-- Running jobs.  First attempt out of 2.
----------------------------------------
-- Starting 'obtovl' concurrent execution on Tue Apr 11 12:52:27 2023 with 10495.142 GB free disk space (1 processes; 1 concurrently)

    cd trimming/1-overlapper
    ./overlap.sh 1 > ./overlap.000001.out 2>&1

-- Finished on Tue Apr 11 12:58:30 2023 (363 seconds) with 10488.108 GB free disk space
----------------------------------------
-- Found 1 overlapInCore output files.
--
-- overlapInCore compute 'trimming/1-overlapper':
--   kmer hits
--     with no overlap            63446       63446 +- 0
--     with an overlap           123568      123568 +- 0
--
--   overlaps                    123565      123565 +- 0
--     contained                      0           0 +- 0
--     dovetail                       0           0 +- 0
--
--   overlaps rejected
--     multiple per pair              0           0 +- 0
--     bad short window               0           0 +- 0
--     bad long window                0           0 +- 0
-- Finished stage 'obt-overlapCheck', reset canuIteration.
----------------------------------------
-- Starting command on Tue Apr 11 12:58:30 2023 with 10488.108 GB free disk space

    cd trimming
    /sw/bioinfo/canu/2.2/rackham/bin/ovStoreConfig \
     -S ../lferriphilum.seqStore \
     -M 3 \
     -L ./1-overlapper/ovljob.files \
     -create ./lferriphilum.ovlStore.config \
     > ./lferriphilum.ovlStore.config.txt \
    2> ./lferriphilum.ovlStore.config.err

-- Finished on Tue Apr 11 12:58:30 2023 (fast as lightning) with 10488.108 GB free disk space
----------------------------------------
--
-- Creating overlap store trimming/lferriphilum.ovlStore using:
--      1 bucket
--      2 slices
--        using at most 1 GB memory each
-- Finished stage 'obt-overlapStoreConfigure', reset canuIteration.
--
-- Running jobs.  First attempt out of 2.
----------------------------------------
-- Starting 'ovB' concurrent execution on Tue Apr 11 12:58:30 2023 with 10488.108 GB free disk space (1 processes; 4 concurrently)

    cd trimming/lferriphilum.ovlStore.BUILDING
    ./scripts/1-bucketize.sh 1 > ./logs/1-bucketize.000001.out 2>&1

-- Finished on Tue Apr 11 12:58:30 2023 (like a bat out of hell) with 10488.103 GB free disk space
----------------------------------------
-- Overlap store bucketizer finished.
-- Finished stage 'obt-overlapStoreBucketizerCheck', reset canuIteration.
--
-- Running jobs.  First attempt out of 2.
----------------------------------------
-- Starting 'ovS' concurrent execution on Tue Apr 11 12:58:30 2023 with 10488.103 GB free disk space (2 processes; 4 concurrently)

    cd trimming/lferriphilum.ovlStore.BUILDING
    ./scripts/2-sort.sh 1 > ./logs/2-sort.000001.out 2>&1
    ./scripts/2-sort.sh 2 > ./logs/2-sort.000002.out 2>&1

-- Finished on Tue Apr 11 12:58:31 2023 (one second) with 10488.094 GB free disk space
----------------------------------------
-- Overlap store sorter finished.
-- Finished stage 'obt-overlapStoreSorterCheck', reset canuIteration.
----------------------------------------
-- Starting command on Tue Apr 11 12:58:31 2023 with 10488.094 GB free disk space

    cd trimming
    /sw/bioinfo/canu/2.2/rackham/bin/ovStoreIndexer \
      -O  ./lferriphilum.ovlStore.BUILDING \
      -S ../lferriphilum.seqStore \
      -C  ./lferriphilum.ovlStore.config \
      -delete \
    > ./lferriphilum.ovlStore.BUILDING.index.err 2>&1

-- Finished on Tue Apr 11 12:58:31 2023 (lickety-split) with 10488.09 GB free disk space
----------------------------------------
-- Overlap store indexer finished.
-- Checking store.
----------------------------------------
-- Starting command on Tue Apr 11 12:58:31 2023 with 10488.09 GB free disk space

    cd trimming
    /sw/bioinfo/canu/2.2/rackham/bin/ovStoreDump \
     -S ../lferriphilum.seqStore \
     -O  ./lferriphilum.ovlStore \
     -counts \
     > ./lferriphilum.ovlStore/counts.dat 2> ./lferriphilum.ovlStore/counts.err

-- Finished on Tue Apr 11 12:58:31 2023 (furiously fast) with 10488.09 GB free disk space
----------------------------------------
--
-- Overlap store 'trimming/lferriphilum.ovlStore' successfully constructed.
-- Found 247136 overlaps for 3623 reads; 36518 reads have no overlaps.
--
--
-- Purged 0.002 GB in 3 overlap output files.
-- Finished stage 'obt-createOverlapStore', reset canuIteration.
----------------------------------------
-- Starting command on Tue Apr 11 12:58:31 2023 with 10488.09 GB free disk space

    cd trimming/3-overlapbasedtrimming
    /sw/bioinfo/canu/2.2/rackham/bin/trimReads \
      -S  ../../lferriphilum.seqStore \
      -O  ../lferriphilum.ovlStore \
      -Co ./lferriphilum.1.trimReads.clear \
      -e  0.045 \
      -minlength 1000 \
      -ol 500 \
      -oc 2 \
      -o  ./lferriphilum.1.trimReads \
    >     ./lferriphilum.1.trimReads.err 2>&1

-- Finished on Tue Apr 11 12:58:32 2023 (one second) with 10488.08 GB free disk space
----------------------------------------
--  PARAMETERS:
--  ----------
--     1000    (reads trimmed below this many bases are deleted)
--   0.0450    (use overlaps at or below this fraction error)
--      500    (break region if overlap is less than this long, for 'largest covered' algorithm)
--        2    (break region if overlap coverage is less than this many reads, for 'largest covered' algorithm)
--  
--  INPUT READS:
--  -----------
--   40141 reads     72217199 bases (reads processed)
--       0 reads            0 bases (reads not processed, previously deleted)
--       0 reads            0 bases (reads not processed, in a library where trimming isn't allowed)
--  
--  OUTPUT READS:
--  ------------
--    3318 reads     50062117 bases (trimmed reads output)
--     290 reads      5319463 bases (reads with no change, kept as is)
--   36518 reads         6462 bases (reads with no overlaps, deleted)
--      15 reads        73631 bases (reads with short trimmed length, deleted)
--  
--  TRIMMING DETAILS:
--  ----------------
--    2116 reads      4953217 bases (bases trimmed from the 5' end of a read)
--    2776 reads     11802309 bases (bases trimmed from the 3' end of a read)
-- Finished stage 'obt-trimReads', reset canuIteration.
----------------------------------------
-- Starting command on Tue Apr 11 12:58:32 2023 with 10488.08 GB free disk space

    cd trimming/3-overlapbasedtrimming
    /sw/bioinfo/canu/2.2/rackham/bin/splitReads \
      -S  ../../lferriphilum.seqStore \
      -O  ../lferriphilum.ovlStore \
      -Ci ./lferriphilum.1.trimReads.clear \
      -Co ./lferriphilum.2.splitReads.clear \
      -e  0.045 \
      -minlength 1000 \
      -o  ./lferriphilum.2.splitReads \
    >     ./lferriphilum.2.splitReads.err 2>&1

-- Finished on Tue Apr 11 12:58:32 2023 (lickety-split) with 10488.08 GB free disk space
----------------------------------------
--  PARAMETERS:
--  ----------
--     1000    (reads trimmed below this many bases are deleted)
--   0.0450    (use overlaps at or below this fraction error)
--  INPUT READS:
--  -----------
--    3608 reads     72137106 bases (reads processed)
--   36533 reads        80093 bases (reads not processed, previously deleted)
--       0 reads            0 bases (reads not processed, in a library where trimming isn't allowed)
--  
--  PROCESSED:
--  --------
--       0 reads            0 bases (no overlaps)
--       0 reads            0 bases (no coverage after adjusting for trimming done already)
--       0 reads            0 bases (processed for chimera)
--       0 reads            0 bases (processed for spur)
--    3608 reads     72137106 bases (processed for subreads)
--  
--  READS WITH SIGNALS:
--  ------------------
--       0 reads            0 signals (number of 5' spur signal)
--       0 reads            0 signals (number of 3' spur signal)
--       0 reads            0 signals (number of chimera signal)
--      66 reads           66 signals (number of subread signal)
--  
--  SIGNALS:
--  -------
--       0 reads            0 bases (size of 5' spur signal)
--       0 reads            0 bases (size of 3' spur signal)
--       0 reads            0 bases (size of chimera signal)
--      66 reads        15729 bases (size of subread signal)
--  
--  TRIMMING:
--  --------
--      12 reads       130143 bases (trimmed from the 5' end of the read)
--      54 reads       583307 bases (trimmed from the 3' end of the read)
-- Finished stage 'obt-splitReads', reset canuIteration.
----------------------------------------
-- Starting command on Tue Apr 11 12:58:32 2023 with 10488.08 GB free disk space

    cd trimming/3-overlapbasedtrimming
    /sw/bioinfo/canu/2.2/rackham/bin/loadTrimmedReads \
      -S ../../lferriphilum.seqStore \
      -c ./lferriphilum.2.splitReads.clear \
    > ./lferriphilum.loadTrimmedReads.err 2>&1

-- Finished on Tue Apr 11 12:58:32 2023 (in the blink of an eye) with 10488.077 GB free disk space
----------------------------------------
--
-- In sequence store './lferriphilum.seqStore':
--   Found 3608 reads.
--   Found 54668130 bases (22.77 times coverage).
--    Histogram of corrected-trimmed reads:
--    
--    G=54668130                         sum of  ||               length     num
--    NG         length     index       lengths  ||                range    seqs
--    ----- ------------ --------- ------------  ||  ------------------- -------
--    00010        24471       198      5473569  ||       1013-1753           30|---------
--    00020        21298       440     10948223  ||       1754-2494           13|----
--    00030        19633       707     16407307  ||       2495-3235           12|----
--    00040        18265       996     21871184  ||       3236-3976           16|-----
--    00050        16862      1307     27336636  ||       3977-4717           21|------
--    00060        15291      1647     32804196  ||       4718-5458           11|---
--    00070        13699      2025     38281142  ||       5459-6199           20|------
--    00080        12144      2449     43735652  ||       6200-6940           30|---------
--    00090        10488      2933     49204987  ||       6941-7681           38|-----------
--    00100         1013      3607     54668130  ||       7682-8422           51|--------------
--    001.000x                3608     54668130  ||       8423-9163          101|----------------------------
--                                               ||       9164-9904          168|----------------------------------------------
--                                               ||       9905-10645         216|-----------------------------------------------------------
--                                               ||      10646-11386         220|------------------------------------------------------------
--                                               ||      11387-12127         209|---------------------------------------------------------
--                                               ||      12128-12868         233|---------------------------------------------------------------
--                                               ||      12869-13609         180|-------------------------------------------------
--                                               ||      13610-14350         167|----------------------------------------------
--                                               ||      14351-15091         180|-------------------------------------------------
--                                               ||      15092-15832         166|---------------------------------------------
--                                               ||      15833-16573         156|-------------------------------------------
--                                               ||      16574-17314         164|---------------------------------------------
--                                               ||      17315-18055         154|------------------------------------------
--                                               ||      18056-18796         170|----------------------------------------------
--                                               ||      18797-19537         162|--------------------------------------------
--                                               ||      19538-20278         117|--------------------------------
--                                               ||      20279-21019         119|---------------------------------
--                                               ||      21020-21760          98|---------------------------
--                                               ||      21761-22501          67|-------------------
--                                               ||      22502-23242          50|--------------
--                                               ||      23243-23983          46|-------------
--                                               ||      23984-24724          44|------------
--                                               ||      24725-25465          31|---------
--                                               ||      25466-26206          24|-------
--                                               ||      26207-26947          24|-------
--                                               ||      26948-27688          24|-------
--                                               ||      27689-28429          21|------
--                                               ||      28430-29170          19|------
--                                               ||      29171-29911           5|--
--                                               ||      29912-30652           8|---
--                                               ||      30653-31393           4|--
--                                               ||      31394-32134           3|-
--                                               ||      32135-32875           6|--
--                                               ||      32876-33616           4|--
--                                               ||      33617-34357           0|
--                                               ||      34358-35098           2|-
--                                               ||      35099-35839           1|-
--                                               ||      35840-36580           1|-
--                                               ||      36581-37321           0|
--                                               ||      37322-38062           2|-
--    
--
-- No trimmed reads generated, overlaps used for trimming saved.
-- Finished stage 'obt-dumpReads', reset canuIteration.
----------------------------------------
-- Starting command on Tue Apr 11 12:58:32 2023 with 10488.077 GB free disk space

    cd .
    /sw/bioinfo/canu/2.2/rackham/bin/sqStoreDumpFASTQ \
      -trimmed \
      -S ./lferriphilum.seqStore \
      -o ./lferriphilum.trimmedReads.gz \
      -fasta \
      -trimmed -normal -nolibname \
    > ./lferriphilum.trimmedReads.fasta.err 2>&1

-- Finished on Tue Apr 11 12:58:34 2023 (2 seconds) with 10488.06 GB free disk space
----------------------------------------
--
-- Trimmed reads saved in 'lferriphilum.trimmedReads.fasta.gz'.
-- Finished stage 'cor-dumpTrimmedReads', reset canuIteration.
--
-- BEGIN ASSEMBLY
----------------------------------------
-- Starting command on Tue Apr 11 12:58:34 2023 with 10488.06 GB free disk space

    cd unitigging/0-mercounts
    ./meryl-configure.sh \
    > ./meryl-configure.err 2>&1

-- Finished on Tue Apr 11 12:58:35 2023 (one second) with 10488.059 GB free disk space
----------------------------------------
--  segments   memory batches
--  -------- -------- -------
--        01  0.22 GB       2
--
--  For 3608 reads with 54668130 bases, limit to 1 batch.
--  Will count kmers using 01 jobs, each using 2 GB and 4 threads.
--
-- Finished stage 'merylConfigure', reset canuIteration.
--
-- Running jobs.  First attempt out of 2.
----------------------------------------
-- Starting 'meryl' concurrent execution on Tue Apr 11 12:58:35 2023 with 10488.059 GB free disk space (1 processes; 1 concurrently)

    cd unitigging/0-mercounts
    ./meryl-count.sh 1 > ./meryl-count.000001.out 2>&1

-- Finished on Tue Apr 11 12:58:45 2023 (10 seconds) with 10488.011 GB free disk space
----------------------------------------
-- Found 1 Kmer counting (meryl) outputs.
-- Finished stage 'utg-merylCountCheck', reset canuIteration.
--
-- Running jobs.  First attempt out of 2.
----------------------------------------
-- Starting 'meryl' concurrent execution on Tue Apr 11 12:58:45 2023 with 10488.01 GB free disk space (1 processes; 1 concurrently)

    cd unitigging/0-mercounts
    ./meryl-process.sh 1 > ./meryl-process.000001.out 2>&1

-- Finished on Tue Apr 11 12:58:47 2023 (2 seconds) with 10487.87 GB free disk space
----------------------------------------
-- Meryl finished successfully.  Kmer frequency histogram:
--
--  22-mers                                                                                           Fraction
--    Occurrences   NumMers                                                                         Unique Total
--       1-     1         0                                                                        0.0000 0.0000
--       2-     2    233494 ***************                                                        0.0803 0.0089
--       3-     4    103017 ******                                                                 0.1047 0.0130
--       5-     7     49554 ***                                                                    0.1221 0.0172
--       8-    11    135051 ********                                                               0.1392 0.0239
--      12-    16    515325 *********************************                                      0.2033 0.0627
--      17-    22   1070798 ********************************************************************** 0.4054 0.2336
--      23-    29    683024 ********************************************                           0.7766 0.6542
--      30-    37    111037 *******                                                                0.9710 0.9363
--      38-    46      2628                                                                        0.9976 0.9847
--      47-    56      1722                                                                        0.9983 0.9863
--      57-    67      1187                                                                        0.9988 0.9879
--      68-    79       135                                                                        0.9992 0.9892
--      80-    92        67                                                                        0.9993 0.9895
--      93-   106         2                                                                        0.9993 0.9895
--     107-   121        48                                                                        0.9993 0.9895
--     122-   137         4                                                                        0.9993 0.9896
--     138-   154         1                                                                        0.9993 0.9896
--     155-   172        12                                                                        0.9993 0.9897
--     173-   191        15                                                                        0.9993 0.9897
--     192-   211        54                                                                        0.9993 0.9897
--     212-   232       268                                                                        0.9993 0.9900
--     233-   254      1035                                                                        0.9994 0.9912
--     255-   277       636                                                                        0.9998 0.9963
--
--           0 (max occurrences)
--    52448618 (total mers, non-unique)
--     2909116 (distinct mers, non-unique)
--           0 (unique mers)
-- Finished stage 'meryl-process', reset canuIteration.
--
-- Removing meryl database 'unitigging/0-mercounts/lferriphilum.ms22'.
--
-- OVERLAPPER (normal) (assembly) erate=0.045
--
----------------------------------------
-- Starting command on Tue Apr 11 12:58:47 2023 with 10487.87 GB free disk space

    cd unitigging/1-overlapper
    /sw/bioinfo/canu/2.2/rackham/bin/overlapInCorePartition \
     -S  ../../lferriphilum.seqStore \
     -hl 80000000 \
     -rl 1000000000 \
     -ol 500 \
     -o  ./lferriphilum.partition \
    > ./lferriphilum.partition.err 2>&1

-- Finished on Tue Apr 11 12:58:47 2023 (in the blink of an eye) with 10487.87 GB free disk space
----------------------------------------
--
-- Configured 1 overlapInCore jobs.
-- Finished stage 'utg-overlapConfigure', reset canuIteration.
--
-- Running jobs.  First attempt out of 2.
----------------------------------------
-- Starting 'utgovl' concurrent execution on Tue Apr 11 12:58:47 2023 with 10487.87 GB free disk space (1 processes; 1 concurrently)

    cd unitigging/1-overlapper
    ./overlap.sh 1 > ./overlap.000001.out 2>&1

-- Finished on Tue Apr 11 13:01:10 2023 (143 seconds) with 10487.486 GB free disk space
----------------------------------------
-- Found 1 overlapInCore output files.
--
-- overlapInCore compute 'unitigging/1-overlapper':
--   kmer hits
--     with no overlap            37609       37609 +- 0
--     with an overlap            74912       74912 +- 0
--
--   overlaps                     74912       74912 +- 0
--     contained                  15403       15403 +- 0
--     dovetail                   59509       59509 +- 0
--
--   overlaps rejected
--     multiple per pair              0           0 +- 0
--     bad short window               0           0 +- 0
--     bad long window                0           0 +- 0
-- Finished stage 'utg-overlapCheck', reset canuIteration.
----------------------------------------
-- Starting command on Tue Apr 11 13:01:10 2023 with 10487.486 GB free disk space

    cd unitigging
    /sw/bioinfo/canu/2.2/rackham/bin/ovStoreConfig \
     -S ../lferriphilum.seqStore \
     -M 3 \
     -L ./1-overlapper/ovljob.files \
     -create ./lferriphilum.ovlStore.config \
     > ./lferriphilum.ovlStore.config.txt \
    2> ./lferriphilum.ovlStore.config.err

-- Finished on Tue Apr 11 13:01:10 2023 (like a bat out of hell) with 10487.486 GB free disk space
----------------------------------------
--
-- Creating overlap store unitigging/lferriphilum.ovlStore using:
--      1 bucket
--      2 slices
--        using at most 1 GB memory each
-- Finished stage 'utg-overlapStoreConfigure', reset canuIteration.
--
-- Running jobs.  First attempt out of 2.
----------------------------------------
-- Starting 'ovB' concurrent execution on Tue Apr 11 13:01:10 2023 with 10487.485 GB free disk space (1 processes; 4 concurrently)

    cd unitigging/lferriphilum.ovlStore.BUILDING
    ./scripts/1-bucketize.sh 1 > ./logs/1-bucketize.000001.out 2>&1

-- Finished on Tue Apr 11 13:01:11 2023 (one second) with 10487.483 GB free disk space
----------------------------------------
-- Overlap store bucketizer finished.
-- Finished stage 'utg-overlapStoreBucketizerCheck', reset canuIteration.
--
-- Running jobs.  First attempt out of 2.
----------------------------------------
-- Starting 'ovS' concurrent execution on Tue Apr 11 13:01:11 2023 with 10487.483 GB free disk space (2 processes; 4 concurrently)

    cd unitigging/lferriphilum.ovlStore.BUILDING
    ./scripts/2-sort.sh 1 > ./logs/2-sort.000001.out 2>&1
    ./scripts/2-sort.sh 2 > ./logs/2-sort.000002.out 2>&1

-- Finished on Tue Apr 11 13:01:11 2023 (like a bat out of hell) with 10487.476 GB free disk space
----------------------------------------
-- Overlap store sorter finished.
-- Finished stage 'utg-overlapStoreSorterCheck', reset canuIteration.
----------------------------------------
-- Starting command on Tue Apr 11 13:01:11 2023 with 10487.476 GB free disk space

    cd unitigging
    /sw/bioinfo/canu/2.2/rackham/bin/ovStoreIndexer \
      -O  ./lferriphilum.ovlStore.BUILDING \
      -S ../lferriphilum.seqStore \
      -C  ./lferriphilum.ovlStore.config \
      -delete \
    > ./lferriphilum.ovlStore.BUILDING.index.err 2>&1

-- Finished on Tue Apr 11 13:01:11 2023 (in the blink of an eye) with 10487.472 GB free disk space
----------------------------------------
-- Overlap store indexer finished.
-- Checking store.
----------------------------------------
-- Starting command on Tue Apr 11 13:01:11 2023 with 10487.472 GB free disk space

    cd unitigging
    /sw/bioinfo/canu/2.2/rackham/bin/ovStoreDump \
     -S ../lferriphilum.seqStore \
     -O  ./lferriphilum.ovlStore \
     -counts \
     > ./lferriphilum.ovlStore/counts.dat 2> ./lferriphilum.ovlStore/counts.err

-- Finished on Tue Apr 11 13:01:12 2023 (one second) with 10487.472 GB free disk space
----------------------------------------
--
-- Overlap store 'unitigging/lferriphilum.ovlStore' successfully constructed.
-- Found 149824 overlaps for 3608 reads; 36533 reads have no overlaps.
--
--
-- Purged 0.001 GB in 3 overlap output files.
----------------------------------------
-- Starting command on Tue Apr 11 13:01:12 2023 with 10487.472 GB free disk space

    cd unitigging
    /sw/bioinfo/canu/2.2/rackham/bin/ovStoreStats \
     -C 22.77 \
     -S ../lferriphilum.seqStore \
     -O  ./lferriphilum.ovlStore \
     -o  ./lferriphilum.ovlStore \
     > ./lferriphilum.ovlStore.summary.err 2>&1

-- Finished on Tue Apr 11 13:01:12 2023 (furiously fast) with 10487.472 GB free disk space
----------------------------------------
--
-- Overlap store 'unitigging/lferriphilum.ovlStore' contains:
--
--   category            reads     %          read length        feature size or coverage  analysis
--   ----------------  -------  -------  ----------------------  ------------------------  --------------------
--   middle-missing          5    0.14    20416.60 +- 8022.43        295.40 +- 183.52     (bad trimming)
--   middle-hump             0    0.00        0.00 +- 0.00             0.00 +- 0.00       (bad trimming)
--   no-5-prime              2    0.06    18802.50 +- 24217.70      2976.00 +- 4203.04    (bad trimming)
--   no-3-prime              0    0.00        0.00 +- 0.00             0.00 +- 0.00       (bad trimming)
--   
--   low-coverage            4    0.11     1511.00 +- 877.46           3.90 +- 2.76       (easy to assemble, potential for lower quality consensus)
--   unique               3473   96.26    15122.18 +- 5319.07         21.70 +- 5.11       (easy to assemble, perfect, yay)
--   repeat-cont             0    0.00        0.00 +- 0.00             0.00 +- 0.00       (potential for consensus errors, no impact on assembly)
--   repeat-dove             0    0.00        0.00 +- 0.00             0.00 +- 0.00       (hard to assemble, likely won't assemble correctly or even at all)
--   
--   span-repeat            84    2.33    16918.00 +- 5599.45       1899.65 +- 1904.28    (read spans a large repeat, usually easy to assemble)
--   uniq-repeat-cont       25    0.69     9901.56 +- 7988.56                             (should be uniquely placed, low potential for consensus errors, no impact on assembly)
--   uniq-repeat-dove       15    0.42    22294.60 +- 8871.03                             (will end contigs, potential to misassemble)
--   uniq-anchor             0    0.00        0.00 +- 0.00             0.00 +- 0.00       (repeat read, with unique section, probable bad read)
-- Finished stage 'utg-createOverlapStore', reset canuIteration.
--
-- Loading read lengths.
-- Loading number of overlaps per read.
--
-- Configure RED for 16gb memory.
--                   Batches of at most (unlimited) reads.
--                                      500000000 bases.
--                   Expecting evidence of at most 536870912 bases per iteration.
--
--           Total                                               Reads                 Olaps Evidence
--    Job   Memory      Read Range         Reads        Bases   Memory        Olaps   Memory   Memory  (Memory in MB)
--   ---- -------- ------------------- --------- ------------ -------- ------------ -------- --------
--      1  9756.96         1-40141          3628     54748223  6683.25       149824     1.71  1024.00
--   ---- -------- ------------------- --------- ------------ -------- ------------ -------- --------
--                                                   54748223                149824
-- Finished stage 'readErrorDetectionConfigure', reset canuIteration.
--
-- Running jobs.  First attempt out of 2.
----------------------------------------
-- Starting 'red' concurrent execution on Tue Apr 11 13:01:12 2023 with 10487.472 GB free disk space (1 processes; 1 concurrently)

    cd unitigging/3-overlapErrorAdjustment
    ./red.sh 1 > ./red.000001.out 2>&1

-- Finished on Tue Apr 11 13:01:30 2023 (18 seconds) with 10487.324 GB free disk space
----------------------------------------
-- Found 1 read error detection output files.
-- Finished stage 'readErrorDetectionCheck', reset canuIteration.
--
-- Loading read lengths.
-- Loading number of overlaps per read.
--
-- Configure OEA for 8gb memory.
--                   Batches of at most (unlimited) reads.
--                                      300000000 bases.
--
--           Total                                               Reads                 Olaps  Adjusts
--    Job   Memory      Read Range         Reads        Bases   Memory        Olaps   Memory   Memory  (Memory in MB)
--   ---- -------- ------------------- --------- ------------ -------- ------------ -------- --------
--      1  2437.09         1-40141          3628     54748223    60.32       149824     4.57   324.19
--   ---- -------- ------------------- --------- ------------ -------- ------------ -------- --------
--                                                   54748223                149824
-- Finished stage 'overlapErrorAdjustmentConfigure', reset canuIteration.
--
-- Running jobs.  First attempt out of 2.
----------------------------------------
-- Starting 'oea' concurrent execution on Tue Apr 11 13:01:30 2023 with 10487.321 GB free disk space (1 processes; 4 concurrently)

    cd unitigging/3-overlapErrorAdjustment
    ./oea.sh 1 > ./oea.000001.out 2>&1

-- Finished on Tue Apr 11 13:01:35 2023 (5 seconds) with 10487.339 GB free disk space
----------------------------------------
-- Found 1 overlap error adjustment output files.
-- Finished stage 'overlapErrorAdjustmentCheck', reset canuIteration.
----------------------------------------
-- Starting command on Tue Apr 11 13:01:35 2023 with 10487.339 GB free disk space

    cd unitigging/3-overlapErrorAdjustment
    /sw/bioinfo/canu/2.2/rackham/bin/loadErates \
      -S ../../lferriphilum.seqStore \
      -O ../lferriphilum.ovlStore \
      -L ./oea.files \
    > ./oea.apply.err 2>&1

-- Finished on Tue Apr 11 13:01:35 2023 (furiously fast) with 10487.339 GB free disk space
----------------------------------------
-- No report available.
-- Finished stage 'updateOverlapStore', reset canuIteration.
-- Finished stage 'unitig', reset canuIteration.
--
-- Running jobs.  First attempt out of 2.
----------------------------------------
-- Starting 'bat' concurrent execution on Tue Apr 11 13:01:35 2023 with 10487.339 GB free disk space (1 processes; 1 concurrently)

    cd unitigging/4-unitigger
    ./unitigger.sh 1 > ./unitigger.000001.out 2>&1

-- Finished on Tue Apr 11 13:01:37 2023 (2 seconds) with 10487.334 GB free disk space
----------------------------------------
-- Unitigger finished successfully.
--  
--  ERROR RATES
--  -----------
--                                                   --------threshold------
--  4251                         fraction error      fraction        percent
--  samples                              (1e-5)         error          error
--                   --------------------------      --------       --------
--  command line (-eg)                           ->   4500.00        4.5000%
--  command line (-ef)                           ->  -----.--      ---.----%
--  command line (-eM)                           ->   4500.00        4.5000%
--  mean + std.dev      68.09 +-  12 *   141.51  ->   1766.20        1.7662%
--  median + mad        56.00 +-  12 *    50.00  ->    945.56        0.9456%  (enabled)
--  90th percentile                              ->    138.00        0.1380%
--  
--  BEST EDGE FILTERING
--  -------------------
--  At graph threshold 4.5000%, reads:
--    available to have edges:          649
--    with at least one edge:           649
--  
--  At max threshold 4.5000%, reads:  (not computed)
--    available to have edges:            0
--    with at least one edge:             0
--  
--  At tight threshold 0.9456%, reads with:
--    both edges below error threshold:       643  (80.00% minReadsBest threshold = 519)
--    one  edge  above error threshold:         2
--    both edges above error threshold:         4
--    at least one edge:                      649
--  
--  At loose threshold 1.7662%, reads with:
--    both edges below error threshold:       644  (80.00% minReadsBest threshold = 519)
--    one  edge  above error threshold:         2
--    both edges above error threshold:         3
--    at least one edge:                      649
--  
--  
--  INITIAL EDGES
--  -------- ----------------------------------------
--      2943 reads are contained
--     36552 reads have no best edges (singleton)
--         7 reads have only one best edge (spur) 
--                  2 are mutual best
--       639 reads have two best edges 
--                  6 have one mutual best edge
--                631 have two mutual best edges
--  
--  
--  FINAL EDGES
--  -------- ----------------------------------------
--      2943 reads are contained
--     36552 reads have no best edges (singleton)
--         7 reads have only one best edge (spur) 
--                  3 are mutual best
--       639 reads have two best edges 
--                  5 have one mutual best edge
--                632 have two mutual best edges
--  
--  
--  EDGE FILTERING
--  -------- ------------------------------------------
--         0 reads are ignored
--        15 reads have a gap in overlap coverage
--         0 reads have lopsided best edges
-- Found, in version 1, after unitig construction:
--   contigs:      2 sequences, total length 2614706 bp (including 0 repeats of total length 0 bp).
--   bubbles:      0 sequences, total length 0 bp.
--   unassembled:  34 sequences, total length 226038 bp.
--
-- Contig sizes based on genome size 2.4mbp:
--
--            NG (bp)  LG (contigs)    sum (bp)
--         ----------  ------------  ----------
--     10     2562954             1     2562954
--     20     2562954             1     2562954
--     30     2562954             1     2562954
--     40     2562954             1     2562954
--     50     2562954             1     2562954
--     60     2562954             1     2562954
--     70     2562954             1     2562954
--     80     2562954             1     2562954
--     90     2562954             1     2562954
--    100     2562954             1     2562954
--
-- Finished stage 'unitigCheck', reset canuIteration.
----------------------------------------
-- Starting command on Tue Apr 11 13:01:37 2023 with 10487.334 GB free disk space

    cd unitigging
    /sw/bioinfo/canu/2.2/rackham/bin/utgcns \
      -S ../lferriphilum.seqStore \
      -T  ./lferriphilum.ctgStore 1 \
      -partition 0.8 1 0.1 \
    > ./lferriphilum.ctgStore/partitioning.log 2>&1

-- Finished on Tue Apr 11 13:01:38 2023 (one second) with 10487.286 GB free disk space
----------------------------------------
-- Using slow alignment for consensus (iteration '0').
-- Configured 2 consensus jobs.
-- Finished stage 'consensusConfigure', reset canuIteration.
--
-- Local: cns        2.875 GB    4 CPUs x   1 job      2.875 GB   4 CPUs  (consensus)
--
--
-- Running jobs.  First attempt out of 2.
----------------------------------------
-- Starting 'cns' concurrent execution on Tue Apr 11 13:01:38 2023 with 10487.286 GB free disk space (2 processes; 1 concurrently)

    cd unitigging/5-consensus
    ./consensus.sh 1 > ./consensus.000001.out 2>&1
    ./consensus.sh 2 > ./consensus.000002.out 2>&1

-- Finished on Tue Apr 11 13:03:04 2023 (86 seconds) with 10486.623 GB free disk space
----------------------------------------
-- Using slow alignment for consensus (iteration '1').
-- Configured 2 consensus jobs.
-- All 2 consensus jobs finished successfully.
-- Finished stage 'consensusCheck', reset canuIteration.
-- Using slow alignment for consensus (iteration '0').
-- Configured 2 consensus jobs.
----------------------------------------
-- Starting command on Tue Apr 11 13:03:04 2023 with 10486.623 GB free disk space

    cd unitigging
    /sw/bioinfo/canu/2.2/rackham/bin/tgStoreLoad \
      -S ../lferriphilum.seqStore \
      -T  ./lferriphilum.ctgStore 2 \
      -L ./5-consensus/ctgcns.files \
    > ./5-consensus/ctgcns.files.ctgStoreLoad.err 2>&1

-- Finished on Tue Apr 11 13:03:04 2023 (fast as lightning) with 10486.617 GB free disk space
----------------------------------------
-- Purging consensus output after loading to ctgStore.
-- Purged 2 .cns outputs.
----------------------------------------
-- Starting command on Tue Apr 11 13:03:04 2023 with 10486.616 GB free disk space

    cd unitigging
    /sw/bioinfo/canu/2.2/rackham/bin/tgStoreDump \
      -S ../lferriphilum.seqStore \
      -T ./lferriphilum.ctgStore 2 \
      -sizes -s 2400000 \
    > ./lferriphilum.ctgStore/seqDB.v002.sizes.txt

-- Finished on Tue Apr 11 13:03:05 2023 (one second) with 10486.616 GB free disk space
----------------------------------------
-- Found, in version 2, after consensus generation:
--   contigs:      2 sequences, total length 2615124 bp (including 0 repeats of total length 0 bp).
--   bubbles:      0 sequences, total length 0 bp.
--   unassembled:  34 sequences, total length 226038 bp.
--
-- Contig sizes based on genome size 2.4mbp:
--
--            NG (bp)  LG (contigs)    sum (bp)
--         ----------  ------------  ----------
--     10     2562260             1     2562260
--     20     2562260             1     2562260
--     30     2562260             1     2562260
--     40     2562260             1     2562260
--     50     2562260             1     2562260
--     60     2562260             1     2562260
--     70     2562260             1     2562260
--     80     2562260             1     2562260
--     90     2562260             1     2562260
--    100     2562260             1     2562260
--
-- Finished stage 'consensusLoad', reset canuIteration.
----------------------------------------
-- Starting command on Tue Apr 11 13:03:05 2023 with 10486.616 GB free disk space

    cd .
    /sw/bioinfo/canu/2.2/rackham/bin/tgStoreDump \
      -S ./lferriphilum.seqStore \
      -T ./unitigging/lferriphilum.ctgStore 2 \
      -o ./lferriphilum.contigs \
      -layout \
    > ./lferriphilum.contigs.layout.err 2>&1

-- Finished on Tue Apr 11 13:03:05 2023 (furiously fast) with 10486.616 GB free disk space
----------------------------------------
----------------------------------------
-- Starting command on Tue Apr 11 13:03:05 2023 with 10486.616 GB free disk space

    cd .
    /sw/bioinfo/canu/2.2/rackham/bin/tgStoreDump \
      -S ./lferriphilum.seqStore \
      -T ./unitigging/lferriphilum.ctgStore 2 \
      -consensus -fasta \
      -unassembled \
    > ./lferriphilum.unassembled.fasta
    2> ./lferriphilum.unassembled.err

-- Finished on Tue Apr 11 13:03:05 2023 (lickety-split) with 10486.615 GB free disk space
----------------------------------------
----------------------------------------
-- Starting command on Tue Apr 11 13:03:05 2023 with 10486.615 GB free disk space

    cd .
    /sw/bioinfo/canu/2.2/rackham/bin/tgStoreDump \
      -S ./lferriphilum.seqStore \
      -T ./unitigging/lferriphilum.ctgStore 2 \
      -consensus -fasta \
      -contigs \
    > ./lferriphilum.contigs.fasta
    2> ./lferriphilum.contigs.err

-- Finished on Tue Apr 11 13:03:05 2023 (in the blink of an eye) with 10486.613 GB free disk space
----------------------------------------
-- Finished stage 'generateOutputs', reset canuIteration.
--
-- Assembly 'lferriphilum' finished in '/domus/h1/simonos/Genomeanalysis/analysis/assembly'.
--
-- Summary saved in 'lferriphilum.report'.
--
-- Sequences saved:
--   Contigs       -> 'lferriphilum.contigs.fasta'
--   Unassembled   -> 'lferriphilum.unassembled.fasta'
--
-- Read layouts saved:
--   Contigs       -> 'lferriphilum.contigs.layout'.
--
-- Bye.
