canu/2.2 has the useGrid option default set to useGrid=false. This can be overriden by another configuration file or a command-line option.
-- canu snapshot v2.2 +0 changes (r10279 af9c6e709ff2d6473cf966702c420b9eb42d9078)
--
-- CITATIONS
--
-- For 'standard' assemblies of PacBio or Nanopore reads:
--   Koren S, Walenz BP, Berlin K, Miller JR, Phillippy AM.
--   Canu: scalable and accurate long-read assembly via adaptive k-mer weighting and repeat separation.
--   Genome Res. 2017 May;27(5):722-736.
--   http://doi.org/10.1101/gr.215087.116
-- 
-- Read and contig alignments during correction and consensus use:
--   Šošic M, Šikic M.
--   Edlib: a C/C ++ library for fast, exact sequence alignment using edit distance.
--   Bioinformatics. 2017 May 1;33(9):1394-1395.
--   http://doi.org/10.1093/bioinformatics/btw753
-- 
-- Overlaps are generated using:
--   Berlin K, et al.
--   Assembling large genomes with single-molecule sequencing and locality-sensitive hashing.
--   Nat Biotechnol. 2015 Jun;33(6):623-30.
--   http://doi.org/10.1038/nbt.3238
-- 
--   Myers EW, et al.
--   A Whole-Genome Assembly of Drosophila.
--   Science. 2000 Mar 24;287(5461):2196-204.
--   http://doi.org/10.1126/science.287.5461.2196
-- 
-- Corrected read consensus sequences are generated using an algorithm derived from FALCON-sense:
--   Chin CS, et al.
--   Phased diploid genome assembly with single-molecule real-time sequencing.
--   Nat Methods. 2016 Dec;13(12):1050-1054.
--   http://doi.org/10.1038/nmeth.4035
-- 
-- Contig consensus sequences are generated using an algorithm derived from pbdagcon:
--   Chin CS, et al.
--   Nonhybrid, finished microbial genome assemblies from long-read SMRT sequencing data.
--   Nat Methods. 2013 Jun;10(6):563-9
--   http://doi.org/10.1038/nmeth.2474
-- 
-- CONFIGURE CANU
--
-- Detected Java(TM) Runtime Environment '1.8.0_151' (from '/sw/comp/java/x86_64/sun_jdk1.8.0_151/bin/java') with -d64 support.
-- Detected gnuplot version '4.6 patchlevel 2   ' (from 'gnuplot') and image format 'png'.
--
-- Detected 2 CPUs and 16000 gigabytes of memory on the local machine.
--
-- Detected Slurm with 'sinfo' binary in /usr/bin/sinfo.
-- Detected Slurm with task IDs up to 1000 allowed.
-- 
-- Slurm support detected.  Resources available:
--    174 hosts with  16 cores and  124 GB memory.
--      1 host  with  80 cores and 3997 GB memory.
--     13 hosts with  16 cores and  249 GB memory.
--     17 hosts with  16 cores and  499 GB memory.
--
--                         (tag)Threads
--                (tag)Memory         |
--        (tag)             |         |  algorithm
--        -------  ----------  --------  -----------------------------
-- Grid:  meryl     12.000 GB    4 CPUs  (k-mer counting)
-- Grid:  hap        8.000 GB    4 CPUs  (read-to-haplotype assignment)
-- Grid:  cormhap    6.000 GB   16 CPUs  (overlap detection with mhap)
-- Grid:  obtovl     4.000 GB    8 CPUs  (overlap detection)
-- Grid:  utgovl     4.000 GB    8 CPUs  (overlap detection)
-- Grid:  cor        -.--- GB    4 CPUs  (read correction)
-- Grid:  ovb        4.000 GB    1 CPU   (overlap store bucketizer)
-- Grid:  ovs        8.000 GB    1 CPU   (overlap store sorting)
-- Grid:  red       16.000 GB    4 CPUs  (read error detection)
-- Grid:  oea        8.000 GB    1 CPU   (overlap error adjustment)
-- Grid:  bat       16.000 GB    4 CPUs  (contig construction with bogart)
-- Grid:  cns        -.--- GB    4 CPUs  (consensus)
--
-- Found untrimmed raw PacBio CLR reads in the input files.
--
-- Generating assembly 'lferriphilum' in '/domus/h1/simonos/Genomeanalysis/analysis':
--   genomeSize:
--     2410000
--
--   Overlap Generation Limits:
--     corOvlErrorRate 0.2400 ( 24.00%)
--     obtOvlErrorRate 0.0450 (  4.50%)
--     utgOvlErrorRate 0.0450 (  4.50%)
--
--   Overlap Processing Limits:
--     corErrorRate    0.2500 ( 25.00%)
--     obtErrorRate    0.0450 (  4.50%)
--     utgErrorRate    0.0450 (  4.50%)
--     cnsErrorRate    0.0750 (  7.50%)
--
--   Stages to run:
--     correct raw reads.
--     trim corrected reads.
--     assemble corrected and trimmed reads.
--
--
-- BEGIN CORRECTION
----------------------------------------
-- Starting command on Mon Apr 10 11:42:00 2023 with 10745.216 GB free disk space

    cd .
    ./lferriphilum.seqStore.sh \
    > ./lferriphilum.seqStore.err 2>&1

-- Finished on Mon Apr 10 11:42:59 2023 (59 seconds) with 10743.893 GB free disk space
----------------------------------------
--
-- In sequence store './lferriphilum.seqStore':
--   Found 34550 reads.
--   Found 482010312 bases (200 times coverage).
--    Histogram of raw reads:
--    
--    G=482010312                        sum of  ||               length     num
--    NG         length     index       lengths  ||                range    seqs
--    ----- ------------ --------- ------------  ||  ------------------- -------
--    00010        38685      1085     48233708  ||       1000-2450         4338|---------------------------------------------------------------
--    00020        33742      2424     96435670  ||       2451-3901         2489|-------------------------------------
--    00030        28959      3965    144613061  ||       3902-5352         2072|-------------------------------
--    00040        24487      5777    192809666  ||       5353-6803         1994|-----------------------------
--    00050        20783      7916    241006278  ||       6804-8254         1914|----------------------------
--    00060        17519     10443    289221318  ||       8255-9705         1812|---------------------------
--    00070        14470     13472    337419630  ||       9706-11156        2107|-------------------------------
--    00080        11583     17185    385611104  ||      11157-12607        2056|------------------------------
--    00090         7994     22074    433813098  ||      12608-14058        1806|---------------------------
--    00100         1000     34549    482010312  ||      14059-15509        1641|------------------------
--    001.000x               34550    482010312  ||      15510-16960        1390|---------------------
--                                               ||      16961-18411        1217|------------------
--                                               ||      18412-19862        1161|-----------------
--                                               ||      19863-21313         985|---------------
--                                               ||      21314-22764         899|--------------
--                                               ||      22765-24215         747|-----------
--                                               ||      24216-25666         657|----------
--                                               ||      25667-27117         641|----------
--                                               ||      27118-28568         539|--------
--                                               ||      28569-30019         473|-------
--                                               ||      30020-31470         511|--------
--                                               ||      31471-32921         436|-------
--                                               ||      32922-34372         447|-------
--                                               ||      34373-35823         459|-------
--                                               ||      35824-37274         362|------
--                                               ||      37275-38725         318|-----
--                                               ||      38726-40176         231|----
--                                               ||      40177-41627         202|---
--                                               ||      41628-43078         126|--
--                                               ||      43079-44529         109|--
--                                               ||      44530-45980          89|--
--                                               ||      45981-47431          77|--
--                                               ||      47432-48882          62|-
--                                               ||      48883-50333          42|-
--                                               ||      50334-51784          33|-
--                                               ||      51785-53235          28|-
--                                               ||      53236-54686          19|-
--                                               ||      54687-56137          12|-
--                                               ||      56138-57588           8|-
--                                               ||      57589-59039          14|-
--                                               ||      59040-60490           9|-
--                                               ||      60491-61941           5|-
--                                               ||      61942-63392           2|-
--                                               ||      63393-64843           3|-
--                                               ||      64844-66294           4|-
--                                               ||      66295-67745           1|-
--                                               ||      67746-69196           1|-
--                                               ||      69197-70647           0|
--                                               ||      70648-72098           0|
--                                               ||      72099-73549           2|-
--    
----------------------------------------
-- Starting command on Mon Apr 10 11:42:59 2023 with 10743.883 GB free disk space

    cd correction/0-mercounts
    ./meryl-configure.sh \
    > ./meryl-configure.err 2>&1

-- Finished on Mon Apr 10 11:42:59 2023 (like a bat out of hell) with 10743.856 GB free disk space
----------------------------------------
--  segments   memory batches
--  -------- -------- -------
--        01  1.24 GB       2
--        02  0.62 GB       2
--        04  0.32 GB       2
--
--  For 34550 reads with 482010312 bases, limit to 4 batches.
--  Will count kmers using 01 jobs, each using 3 GB and 4 threads.
--
-- Finished stage 'merylConfigure', reset canuIteration.
--
-- Running jobs.  First attempt out of 2.
--
-- Failed to submit compute jobs.  Delay 10 seconds and try again.

CRASH:
CRASH: canu snapshot v2.2 +0 changes (r10279 af9c6e709ff2d6473cf966702c420b9eb42d9078)
CRASH: Please panic, this is abnormal.
CRASH:
CRASH:   Failed to submit compute jobs.
CRASH:
CRASH: Failed at /sw/bioinfo/canu/2.2/rackham/bin/../lib/site_perl/canu/Execution.pm line 1259.
CRASH: 	canu::Execution::submitOrRunParallelJob('lferriphilum', 'meryl', 'correction/0-mercounts', 'meryl-count', 1) called at /sw/bioinfo/canu/2.2/rackham/bin/../lib/site_perl/canu/Meryl.pm line 847
CRASH: 	canu::Meryl::merylCountCheck('lferriphilum', 'cor') called at /sw/bioinfo/canu/2.2/snowy/bin/canu line 1076
CRASH: 
CRASH: Last 50 lines of the relevant log file (correction/0-mercounts/meryl-count.jobSubmit-01.out):
CRASH:
CRASH: sbatch: error: Errors in job submission: 
CRASH: sbatch: error: ERROR 1: Invalid project. 
CRASH: sbatch: error: Use the flag -A to specify an active project with allocation on this cluster.
CRASH: sbatch: error: Batch job submission failed: Unspecified error
CRASH:
