#!/bin/bash -l

#SBATCH -A uppmax2023-2-3 -M snowy
#SBATCH -p core
#SBATCH -n 10
#SBATCH -t 10:00:00
#SBATCH -J htseq
#SBATCH --mail-type=ALL
#SBATCH --mail-user simon.oscarson.2633@student.uu.se

cat $0
echo USER = $USER
echo QOS = $SLURM_JOB_QOS

# Load modules
module load bioinfo-tools
module load subread
module load AGAT

# Variable
OUT="/home/simonos/Project_genomeanalysis/analysis/htseq"
GFF="/home/simonos/Project_genomeanalysis/analysis/prokka/blast.gff"
IN="/proj/genomeanalysis2023/nobackup/work/simonos/bwa/*.bam"

# Commands
agat_convert_sp_gff2gtf.pl --gff $GFF -o blast.gtf
featureCounts -a blast.gtf -o $OUT/counts.out -T 10 $IN 
USER = simonos
QOS = normal
Using standard /sw/bioinfo/AGAT/1.0.0/snowy/lib/site_perl/5.26.2/auto/share/dist/AGAT/config.yaml file
Update config
Reading input file
********************************************************************************
*                              - Start parsing -                               *
********************************************************************************
-------------------------- parse options and metadata --------------------------
=> Accessing the feature_levels YAML file
Using standard /sw/bioinfo/AGAT/1.0.0/snowy/lib/site_perl/5.26.2/auto/share/dist/AGAT/feature_levels.yaml file
=> Attribute used to group features when no Parent/ID relationship exists (i.e common tag):
	* locus_tag
	* gene_id
=> merge_loci option deactivated
=> Machine information:
	This script is being run by perl v5.26.2
	Bioperl location being used: /sw/bioinfo/BioPerl/1.7.2_Perl5.26.2/snowy/lib/perl5/Bio/
	Operating system being used: linux 
=> Accessing Ontology
	No ontology accessible from the gff file header!
	We use the SOFA ontology distributed with AGAT:
		/sw/bioinfo/AGAT/1.0.0/snowy/lib/site_perl/5.26.2/auto/share/dist/AGAT/so.obo
	Read ontology /sw/bioinfo/AGAT/1.0.0/snowy/lib/site_perl/5.26.2/auto/share/dist/AGAT/so.obo:
		4 root terms, and 2596 total terms, and 1516 leaf terms
	Filtering ontology:
		We found 1861 terms that are sequence_feature or is_a child of it.
--------------------------------- parsing file ---------------------------------
=> Number of line in file: 5390
=> Number of comment lines: 3
=> Fasta included: No
=> Number of features lines: 5387
=> Number of feature type (3rd column): 6
	* Level1: 1 => gene
	* level2: 3 => rRNA tmRNA tRNA
	* level3: 1 => CDS
	* unknown: 1 => CRISPR
=> Version of the Bioperl GFF parser selected by AGAT: 3
                                                                                gff3 reader warning: primary_tag error @ crispr still not taken into account! Please modify the feature_levels YAML file to define the feature in one of the levels.
1 warning messages: gff3 reader warning: primary_tag error 
********************************************************************************
*                               - End parsing -                                *
*                              done in 2 seconds                               *
********************************************************************************

********************************************************************************
*                               - Start checks -                               *
********************************************************************************
---------------------------- Check1: feature types -----------------------------
----------------------------------- ontology -----------------------------------
All feature types in agreement with the Ontology.
------------------------------------- agat -------------------------------------
WARNING - Feature types not expected by AGAT:
* crispr
The feature of these types (3rd column in GFF3) are skipped by the parser!
To take them into account you must update the feature_levels YAML file. To acces
s this file run:
			agat levels --expose
In which file to add my feature?
* Feature level1 (e.g. gene, match, region):
  My feature has no parent
  => level1 section.
* Feature level2 (e.g. mrna, match_part, trna):
  My feature has one parent and children
  => level2 section.
* Feature level3 (e.g. exon, intron, cds):
  My feature has one parent (the parent has also a parent) and no children
  => level3 section.
* Feature level3 discontinuous (e.g. cds, utr):
  A single feature that exists over multiple genomic locations
  => spread section.
------------------------------ done in 0 seconds -------------------------------

------------------------------ Check2: duplicates ------------------------------
None found
------------------------------ done in 0 seconds -------------------------------

-------------------------- Check3: sequential bucket ---------------------------
None found
------------------------------ done in 1 seconds -------------------------------

--------------------------- Check4: l2 linked to l3 ----------------------------
2638 cases fixed where L3 features have parent feature(s) missing
------------------------------ done in 0 seconds -------------------------------

--------------------------- Check5: l1 linked to l2 ----------------------------
No problem found
------------------------------ done in 0 seconds -------------------------------

--------------------------- Check6: remove orphan l1 ---------------------------
We remove only those not supposed to be orphan
None found
------------------------------ done in 0 seconds -------------------------------

------------------------- Check7: all level3 locations -------------------------
------------------------------ done in 0 seconds -------------------------------

------------------------------ Check8: check cds -------------------------------
No problem found
------------------------------ done in 0 seconds -------------------------------

----------------------------- Check9: check exons ------------------------------
2638 exons created that were missing
No exons locations modified
No supernumerary exons removed
No level2 locations modified
------------------------------ done in 1 seconds -------------------------------

----------------------------- Check10: check utrs ------------------------------
No UTRs created
No UTRs locations modified
No supernumerary UTRs removed
------------------------------ done in 0 seconds -------------------------------

------------------------ Check11: all level2 locations -------------------------
No problem found
------------------------------ done in 0 seconds -------------------------------

------------------------ Check12: all level1 locations -------------------------
No problem found
------------------------------ done in 0 seconds -------------------------------

---------------------- Check13: remove identical isoforms ----------------------
None found
------------------------------ done in 0 seconds -------------------------------
********************************************************************************
*                                - End checks -                                *
*                              done in 2 seconds                               *
********************************************************************************

=> OmniscientI total time: 4 seconds
converting to GTF3
Formating output to GTF3

        ==========     _____ _    _ ____  _____  ______          _____  
        =====         / ____| |  | |  _ \|  __ \|  ____|   /\   |  __ \ 
          =====      | (___ | |  | | |_) | |__) | |__     /  \  | |  | |
            ====      \___ \| |  | |  _ <|  _  /|  __|   / /\ \ | |  | |
              ====    ____) | |__| | |_) | | \ \| |____ / ____ \| |__| |
        ==========   |_____/ \____/|____/|_|  \_\______/_/    \_\_____/
	  v2.0.3

//========================== featureCounts setting ===========================\\
||                                                                            ||
||             Input files : 10 BAM files                                     ||
||                                                                            ||
||                           ERR2036629_sorted.bam                            ||
||                           ERR2036630_sorted.bam                            ||
||                           ERR2036631_sorted.bam                            ||
||                           ERR2036632_sorted.bam                            ||
||                           ERR2036633_sorted.bam                            ||
||                           ERR2117288_sorted.bam                            ||
||                           ERR2117289_sorted.bam                            ||
||                           ERR2117290_sorted.bam                            ||
||                           ERR2117291_sorted.bam                            ||
||                           ERR2117292_sorted.bam                            ||
||                                                                            ||
||             Output file : counts.out                                       ||
||                 Summary : counts.out.summary                               ||
||              Paired-end : no                                               ||
||        Count read pairs : no                                               ||
||              Annotation : blast.gtf (GTF)                                  ||
||      Dir for temp files : /home/simonos/Project_genomeanalysis/analysi ... ||
||                                                                            ||
||                 Threads : 10                                               ||
||                   Level : meta-feature level                               ||
||      Multimapping reads : not counted                                      ||
|| Multi-overlapping reads : not counted                                      ||
||   Min overlapping bases : 1                                                ||
||                                                                            ||
\\============================================================================//

//================================= Running ==================================\\
||                                                                            ||
|| Load annotation file blast.gtf ...                                         ||

ERROR: failed to find the gene identifier attribute in the 9th column of the provided GTF file.
The specified gene identifier attribute is 'gene_id' 
An example of attributes included in your GTF annotation is 'gene_id "nbis-gene-5"; transcript_id "CDNALJOL_00005_gene"; ID "nbis-exon-5"; Name "COQ5_1"; Parent "CDNALJOL_00005_gene"; eC_number "2.1.1.163"; gene "COQ5_1"; inference "ab initio prediction:Prodigal:002006" "protein motif:HAMAP:MF_01813"; locus_tag "CDNALJOL_00005"; product "2-methoxy-6-polyprenyl-1,4-benzoquinol methylase, mitochondrial";'.

